{
  "stats": {
    "suites": 1,
    "tests": 2,
    "passes": 2,
    "pending": 0,
    "failures": 0,
    "start": "2024-05-09T22:09:52.986Z",
    "end": "2024-05-09T22:09:53.110Z",
    "duration": 124,
    "testsRegistered": 2,
    "passPercent": 100,
    "pendingPercent": 0,
    "other": 0,
    "hasOther": false,
    "skipped": 0,
    "hasSkipped": false
  },
  "results": [
    {
      "uuid": "63879c53-2b35-4c0e-bd5c-4ad5cbcf0d00",
      "title": "",
      "fullFile": "cypress\\e2e\\login.cy.js",
      "file": "cypress\\e2e\\login.cy.js",
      "beforeHooks": [],
      "afterHooks": [],
      "tests": [],
      "suites": [
        {
          "uuid": "45c8eee9-a3b5-4a01-9ec2-1e6d46d42534",
          "title": "Login - Testes da API ServeRest",
          "fullFile": "",
          "file": "",
          "beforeHooks": [],
          "afterHooks": [],
          "tests": [
            {
              "title": "Deve fazer login com sucesso",
              "fullTitle": "Login - Testes da API ServeRest Deve fazer login com sucesso",
              "timedOut": null,
              "duration": 41,
              "state": "passed",
              "speed": "fast",
              "pass": true,
              "fail": false,
              "pending": false,
              "context": null,
              "code": "cy.request({\n  method: 'POST',\n  url: 'login',\n  body: {\n    \"email\": \"anderson@qa.com.br\",\n    \"password\": \"teste\"\n  }\n}).then(response => {\n  expect(response.status).to.equal(200);\n  expect(response.body.message).to.equal('Login realizado com sucesso');\n  cy.log(response.body.authorization);\n});",
              "err": {},
              "uuid": "3e485f1d-08fd-47ef-9816-e4adb2d4887c",
              "parentUUID": "45c8eee9-a3b5-4a01-9ec2-1e6d46d42534",
              "isHook": false,
              "skipped": false
            },
            {
              "title": "Listar usuários",
              "fullTitle": "Login - Testes da API ServeRest Listar usuários",
              "timedOut": null,
              "duration": 20,
              "state": "passed",
              "speed": "fast",
              "pass": true,
              "fail": false,
              "pending": false,
              "context": null,
              "code": "cy.request({\n  method: 'GET',\n  url: 'usuarios'\n});",
              "err": {},
              "uuid": "561fe15e-8cc6-4256-8e99-81fa9e40d238",
              "parentUUID": "45c8eee9-a3b5-4a01-9ec2-1e6d46d42534",
              "isHook": false,
              "skipped": false
            }
          ],
          "suites": [],
          "passes": [
            "3e485f1d-08fd-47ef-9816-e4adb2d4887c",
            "561fe15e-8cc6-4256-8e99-81fa9e40d238"
          ],
          "failures": [],
          "pending": [],
          "skipped": [],
          "duration": 61,
          "root": false,
          "rootEmpty": false,
          "_timeout": 2000
        }
      ],
      "passes": [],
      "failures": [],
      "pending": [],
      "skipped": [],
      "duration": 0,
      "root": true,
      "rootEmpty": true,
      "_timeout": 2000
    }
  ],
  "meta": {
    "mocha": {
      "version": "7.0.1"
    },
    "mochawesome": {
      "options": {
        "quiet": false,
        "reportFilename": "mochawesome",
        "saveHtml": true,
        "saveJson": true,
        "consoleReporter": "spec",
        "useInlineDiffs": false,
        "code": true
      },
      "version": "7.1.3"
    },
    "marge": {
      "options": {
        "reportDir": "mochawesome-report",
        "overwrite": false,
        "html": true,
        "json": true
      },
      "version": "6.2.0"
    }
  }
}